<?xml version="1.0" encoding="UTF-8"?>
<!-- Generated by org.testng.reporters.JUnitXMLReporter -->
<testsuite hostname="DESKTOP-U8A0AGU" name="Test" tests="9" failures="0" timestamp="23 Aug 2020 18:26:36 GMT" time="136.486" errors="0">
  <testcase name="feature" time="20.528" classname="bdd.runners.RunnerClass"/>
  <testcase name="feature" time="14.048" classname="bdd.runners.RunnerClass"/>
  <testcase name="feature" time="11.365" classname="bdd.runners.RunnerClass"/>
  <testcase name="feature" time="13.798" classname="bdd.runners.RunnerClass"/>
  <testcase name="feature" time="14.235" classname="bdd.runners.RunnerClass"/>
  <testcase name="feature" time="17.398" classname="bdd.runners.RunnerClass"/>
  <testcase name="feature" time="17.793" classname="bdd.runners.RunnerClass"/>
  <testcase name="feature" time="15.935" classname="bdd.runners.RunnerClass"/>
  <testcase name="feature" time="10.683" classname="bdd.runners.RunnerClass"/>
</testsuite> <!-- Test -->
