<?xml version="1.0" encoding="UTF-8"?>
<testsuite xmlns:xsi="http://www.w3.org/2001/XMLSchema-instance" xsi:noNamespaceSchemaLocation="https://maven.apache.org/surefire/maven-surefire-plugin/xsd/surefire-test-report.xsd" name="TestSuite" time="122.175" tests="8" errors="0" skipped="0" failures="2">
  <properties>
[...]
</properties>
  <testcase name="feature" classname="bdd.runners.RunnerClass" time="17.589"/>
  <testcase name="feature" classname="bdd.runners.RunnerClass" time="8.461"/>
  <testcase name="feature" classname="bdd.runners.RunnerClass" time="29.113">
    <failure message="java.lang.NullPointerException" type="cucumber.runtime.CucumberException">cucumber.runtime.CucumberException: java.lang.NullPointerException
Caused by: java.lang.NullPointerException
</failure>
    <system-out><![CDATA[#Feature 3
@drugs @regression
Feature: Users ability to search side effect of drug

  Scenario Outline: User should able to find side effect of drug                          # DrugsSideEffect.feature:5
    Given browse to drugs homepage
    When user enter "<drugName>", clicks on Search icon
    And user scroll down and click on Side Effects link
    Then user should be able to see Side Effects page, and overdose symptom  successfully

    Examples: 
>> Initializing Chrome Driver
User should able to find side effect of drug
----------

  @regression @drugs
  Scenario Outline: User should able to find side effect of drug                          # DrugsSideEffect.feature:14
    Given browse to drugs homepage                                                        # DrugsSideEffectsSteps.browse_to_drugs_homepage()
    When user enter "hydroxychloroquine", clicks on Search icon                           # DrugsSideEffectsSteps.user_enter_clicks_on_Search_icon(String)
    And user scroll down and click on Side Effects link                                   # DrugsSideEffectsSteps.user_scroll_down_and_click_on_Side_Effects_link()
      java.lang.NullPointerException
      	at org.openqa.selenium.remote.internal.WebElementToJsonConverter.apply(WebElementToJsonConverter.java:60)
      	at java.util.stream.ReferencePipeline$3$1.accept(Unknown Source)
      	at java.util.Spliterators$ArraySpliterator.forEachRemaining(Unknown Source)
      	at java.util.stream.AbstractPipeline.copyInto(Unknown Source)
      	at java.util.stream.AbstractPipeline.wrapAndCopyInto(Unknown Source)
      	at java.util.stream.ReduceOps$ReduceOp.evaluateSequential(Unknown Source)
      	at java.util.stream.AbstractPipeline.evaluate(Unknown Source)
      	at java.util.stream.ReferencePipeline.collect(Unknown Source)
      	at org.openqa.selenium.remote.RemoteWebDriver.executeScript(RemoteWebDriver.java:475)
      	at bdd.drugs.PageActions.HydroxychloroquineResultPageActions.sideEffects(HydroxychloroquineResultPageActions.java:22)
      	at bdd.stepDef.DrugsSideEffectsSteps.user_scroll_down_and_click_on_Side_Effects_link(DrugsSideEffectsSteps.java:35)
      	at ?.And user scroll down and click on Side Effects link(DrugsSideEffect.feature:8)

    Then user should be able to see Side Effects page, and overdose symptom  successfully # DrugsSideEffectsSteps.user_should_be_able_to_see_Side_Effects_page_and_overdose_symptom_successfully()
]]></system-out>
    <system-err><![CDATA[Starting ChromeDriver 84.0.4147.30 (48b3e868b4cc0aa7e8149519690b6f6949e110a8-refs/branch-heads/4147@{#310}) on port 39144
Only local connections are allowed.
Please see https://chromedriver.chromium.org/security-considerations for suggestions on keeping ChromeDriver safe.
ChromeDriver was started successfully.
Aug 13, 2020 12:54:12 AM org.openqa.selenium.remote.ProtocolHandshake createSession
INFO: Detected dialect: W3C
]]></system-err>
  </testcase>
  <testcase name="feature" classname="bdd.runners.RunnerClass" time="15.018"/>
  <testcase name="feature" classname="bdd.runners.RunnerClass" time="15.436">
    <failure message="org.openqa.selenium.ElementClickInterceptedException: element click intercepted: Element &lt;a href=&quot;/hair-loss.html&quot; onclick=&quot;DDC_recordConditionHit(event);&quot;&gt;...&lt;/a&gt; is not clickable at point (91, 11). Other element would receive the click: &lt;div id=&quot;google_ads_iframe_/7146/alpha_0__container__&quot; style=&quot;border: 0pt none;&quot;&gt;...&lt;/div&gt;&#10;  (Session info: chrome=84.0.4147.125)&#10;Build info: version: &apos;3.12.0&apos;, revision: &apos;7c6e0b3&apos;, time: &apos;2018-05-08T14:04:26.12Z&apos;&#10;System info: host: &apos;LAPTOP-L8PQU2B9&apos;, ip: &apos;192.168.1.189&apos;, os.name: &apos;Windows 10&apos;, os.arch: &apos;amd64&apos;, os.version: &apos;10.0&apos;, java.version: &apos;1.8.0_251&apos;&#10;Driver info: org.openqa.selenium.chrome.ChromeDriver&#10;Capabilities {acceptInsecureCerts: false, browserName: chrome, browserVersion: 84.0.4147.125, chrome: {chromedriverVersion: 84.0.4147.30 (48b3e868b4cc0..., userDataDir: C:\Users\basir\AppData\Loca...}, goog:chromeOptions: {debuggerAddress: localhost:60934}, javascriptEnabled: true, networkConnectionEnabled: false, pageLoadStrategy: normal, platform: WINDOWS, platformName: WINDOWS, proxy: Proxy(), setWindowRect: true, strictFileInteractability: false, timeouts: {implicit: 0, pageLoad: 300000, script: 30000}, unhandledPromptBehavior: dismiss and notify, webauthn:virtualAuthenticators: true}&#10;Session ID: 6e678978851cec2f1f4b3f5420f12ec3" type="cucumber.runtime.CucumberException"><![CDATA[cucumber.runtime.CucumberException: 
org.openqa.selenium.ElementClickInterceptedException: element click intercepted: Element <a href="/hair-loss.html" onclick="DDC_recordConditionHit(event);">...</a> is not clickable at point (91, 11). Other element would receive the click: <div id="google_ads_iframe_/7146/alpha_0__container__" style="border: 0pt none;">...</div>
  (Session info: chrome=84.0.4147.125)
Build info: version: '3.12.0', revision: '7c6e0b3', time: '2018-05-08T14:04:26.12Z'
System info: host: 'LAPTOP-L8PQU2B9', ip: '192.168.1.189', os.name: 'Windows 10', os.arch: 'amd64', os.version: '10.0', java.version: '1.8.0_251'
Driver info: org.openqa.selenium.chrome.ChromeDriver
Capabilities {acceptInsecureCerts: false, browserName: chrome, browserVersion: 84.0.4147.125, chrome: {chromedriverVersion: 84.0.4147.30 (48b3e868b4cc0..., userDataDir: C:\Users\basir\AppData\Loca...}, goog:chromeOptions: {debuggerAddress: localhost:60934}, javascriptEnabled: true, networkConnectionEnabled: false, pageLoadStrategy: normal, platform: WINDOWS, platformName: WINDOWS, proxy: Proxy(), setWindowRect: true, strictFileInteractability: false, timeouts: {implicit: 0, pageLoad: 300000, script: 30000}, unhandledPromptBehavior: dismiss and notify, webauthn:virtualAuthenticators: true}
Session ID: 6e678978851cec2f1f4b3f5420f12ec3
Caused by: org.openqa.selenium.ElementClickInterceptedException: 
element click intercepted: Element <a href="/hair-loss.html" onclick="DDC_recordConditionHit(event);">...</a> is not clickable at point (91, 11). Other element would receive the click: <div id="google_ads_iframe_/7146/alpha_0__container__" style="border: 0pt none;">...</div>
  (Session info: chrome=84.0.4147.125)
Build info: version: '3.12.0', revision: '7c6e0b3', time: '2018-05-08T14:04:26.12Z'
System info: host: 'LAPTOP-L8PQU2B9', ip: '192.168.1.189', os.name: 'Windows 10', os.arch: 'amd64', os.version: '10.0', java.version: '1.8.0_251'
Driver info: org.openqa.selenium.chrome.ChromeDriver
Capabilities {acceptInsecureCerts: false, browserName: chrome, browserVersion: 84.0.4147.125, chrome: {chromedriverVersion: 84.0.4147.30 (48b3e868b4cc0..., userDataDir: C:\Users\basir\AppData\Loca...}, goog:chromeOptions: {debuggerAddress: localhost:60934}, javascriptEnabled: true, networkConnectionEnabled: false, pageLoadStrategy: normal, platform: WINDOWS, platformName: WINDOWS, proxy: Proxy(), setWindowRect: true, strictFileInteractability: false, timeouts: {implicit: 0, pageLoad: 300000, script: 30000}, unhandledPromptBehavior: dismiss and notify, webauthn:virtualAuthenticators: true}
Session ID: 6e678978851cec2f1f4b3f5420f12ec3
]]></failure>
    <system-out><![CDATA[#Feature 4
@drugs @regression
Feature: User ability to find Medication List for Hair Loss
>> Initializing Chrome Driver
User should be able to find list of medications for Hair Loss
----------

  Scenario: User should be able to find list of medications for Hair Loss                                       # MedicationHairLoss.feature:5
    Given browse to drugs homepage                                                                              # DrugsSideEffectsSteps.browse_to_drugs_homepage()
    When user clicks on Browse Conditions link                                                                  # HairLossMedicationListSteps.user_clicks_on_Browse_Conditions_link()
    And click on alphabet H link at homepage                                                                    # HairLossMedicationListSteps.click_on_alphabet_H_link_at_homepage()
    And click on Hair Loss link in the Condition Page                                                           # HairLossMedicationListSteps.click_on_Hair_Loss_link_in_the_Condition_Page()
      org.openqa.selenium.ElementClickInterceptedException: element click intercepted: Element <a href="/hair-loss.html" onclick="DDC_recordConditionHit(event);">...</a> is not clickable at point (91, 11). Other element would receive the click: <div id="google_ads_iframe_/7146/alpha_0__container__" style="border: 0pt none;">...</div>
        (Session info: chrome=84.0.4147.125)
      Build info: version: '3.12.0', revision: '7c6e0b3', time: '2018-05-08T14:04:26.12Z'
      System info: host: 'LAPTOP-L8PQU2B9', ip: '192.168.1.189', os.name: 'Windows 10', os.arch: 'amd64', os.version: '10.0', java.version: '1.8.0_251'
      Driver info: org.openqa.selenium.chrome.ChromeDriver
      Capabilities {acceptInsecureCerts: false, browserName: chrome, browserVersion: 84.0.4147.125, chrome: {chromedriverVersion: 84.0.4147.30 (48b3e868b4cc0..., userDataDir: C:\Users\basir\AppData\Loca...}, goog:chromeOptions: {debuggerAddress: localhost:60934}, javascriptEnabled: true, networkConnectionEnabled: false, pageLoadStrategy: normal, platform: WINDOWS, platformName: WINDOWS, proxy: Proxy(), setWindowRect: true, strictFileInteractability: false, timeouts: {implicit: 0, pageLoad: 300000, script: 30000}, unhandledPromptBehavior: dismiss and notify, webauthn:virtualAuthenticators: true}
      Session ID: 6e678978851cec2f1f4b3f5420f12ec3
      	at sun.reflect.NativeConstructorAccessorImpl.newInstance0(Native Method)
      	at sun.reflect.NativeConstructorAccessorImpl.newInstance(Unknown Source)
      	at sun.reflect.DelegatingConstructorAccessorImpl.newInstance(Unknown Source)
      	at java.lang.reflect.Constructor.newInstance(Unknown Source)
      	at org.openqa.selenium.remote.http.W3CHttpResponseCodec.createException(W3CHttpResponseCodec.java:187)
      	at org.openqa.selenium.remote.http.W3CHttpResponseCodec.decode(W3CHttpResponseCodec.java:122)
      	at org.openqa.selenium.remote.http.W3CHttpResponseCodec.decode(W3CHttpResponseCodec.java:49)
      	at org.openqa.selenium.remote.HttpCommandExecutor.execute(HttpCommandExecutor.java:158)
      	at org.openqa.selenium.remote.service.DriverCommandExecutor.execute(DriverCommandExecutor.java:83)
      	at org.openqa.selenium.remote.RemoteWebDriver.execute(RemoteWebDriver.java:543)
      	at org.openqa.selenium.remote.RemoteWebElement.execute(RemoteWebElement.java:276)
      	at org.openqa.selenium.remote.RemoteWebElement.click(RemoteWebElement.java:83)
      	at sun.reflect.NativeMethodAccessorImpl.invoke0(Native Method)
      	at sun.reflect.NativeMethodAccessorImpl.invoke(Unknown Source)
      	at sun.reflect.DelegatingMethodAccessorImpl.invoke(Unknown Source)
      	at java.lang.reflect.Method.invoke(Unknown Source)
      	at org.openqa.selenium.support.pagefactory.internal.LocatingElementHandler.invoke(LocatingElementHandler.java:51)
      	at com.sun.proxy.$Proxy18.click(Unknown Source)
      	at bdd.drugs.PageActions.ConditionsHPageActions.hairLossLink(ConditionsHPageActions.java:26)
      	at bdd.stepDef.HairLossMedicationListSteps.click_on_Hair_Loss_link_in_the_Condition_Page(HairLossMedicationListSteps.java:32)
      	at ?.And click on Hair Loss link in the Condition Page(MedicationHairLoss.feature:10)

    And click on Medication List tab on Medications & Treatment Options page                                    # HairLossMedicationListSteps.click_on_Medication_List_tab_on_Medications_Treatment_Options_page()
    Then user should see successful message of Hair Loss Medications Treatment options and  list of Medications # HairLossMedicationListSteps.user_should_see_successful_message_of_Hair_Loss_Medications_Treatment_options_and_list_of_Medications()
]]></system-out>
    <system-err><![CDATA[Starting ChromeDriver 84.0.4147.30 (48b3e868b4cc0aa7e8149519690b6f6949e110a8-refs/branch-heads/4147@{#310}) on port 44639
Only local connections are allowed.
Please see https://chromedriver.chromium.org/security-considerations for suggestions on keeping ChromeDriver safe.
ChromeDriver was started successfully.
Aug 13, 2020 12:54:56 AM org.openqa.selenium.remote.ProtocolHandshake createSession
INFO: Detected dialect: W3C
]]></system-err>
  </testcase>
  <testcase name="feature" classname="bdd.runners.RunnerClass" time="12.664"/>
  <testcase name="feature" classname="bdd.runners.RunnerClass" time="13.507"/>
  <testcase name="feature" classname="bdd.runners.RunnerClass" time="9.539"/>
</testsuite>