<?xml version="1.0" encoding="UTF-8"?>
<testng-results skipped="0" failed="0" total="9" passed="9">
  <reporter-output>
  </reporter-output>
  <suite name="Suite" duration-ms="136486" started-at="2020-08-23T18:24:20Z" finished-at="2020-08-23T18:26:36Z">
    <groups>
      <group name="cucumber">
        <method signature="AbstractTestNGCucumberTests.feature(cucumber.api.testng.CucumberFeatureWrapper)[pri:0, instance:bdd.runners.RunnerClass@52af6cff]" name="feature" class="cucumber.api.testng.AbstractTestNGCucumberTests"/>
      </group> <!-- cucumber -->
    </groups>
    <test name="Test" duration-ms="136486" started-at="2020-08-23T18:24:20Z" finished-at="2020-08-23T18:26:36Z">
      <class name="bdd.runners.RunnerClass">
        <test-method status="PASS" signature="setUpClass()[pri:0, instance:bdd.runners.RunnerClass@52af6cff]" name="setUpClass" is-config="true" duration-ms="258" started-at="2020-08-23T13:24:20Z" finished-at="2020-08-23T13:24:20Z">
          <reporter-output>
          </reporter-output>
        </test-method> <!-- setUpClass -->
        <test-method status="PASS" signature="feature(cucumber.api.testng.CucumberFeatureWrapper)[pri:0, instance:bdd.runners.RunnerClass@52af6cff]" name="feature" duration-ms="20528" started-at="2020-08-23T13:24:20Z" description="Runs Cucumber Feature" data-provider="features" finished-at="2020-08-23T13:24:41Z">
          <params>
            <param index="0">
              <value>
                <![CDATA[Users ability to find price of a Medication]]>
              </value>
            </param>
          </params>
          <reporter-output>
          </reporter-output>
        </test-method> <!-- feature -->
        <test-method status="PASS" signature="feature(cucumber.api.testng.CucumberFeatureWrapper)[pri:0, instance:bdd.runners.RunnerClass@52af6cff]" name="feature" duration-ms="14048" started-at="2020-08-23T13:24:41Z" description="Runs Cucumber Feature" data-provider="features" finished-at="2020-08-23T13:24:55Z">
          <params>
            <param index="0">
              <value>
                <![CDATA[Drugs Registration As a user]]>
              </value>
            </param>
          </params>
          <reporter-output>
          </reporter-output>
        </test-method> <!-- feature -->
        <test-method status="PASS" signature="feature(cucumber.api.testng.CucumberFeatureWrapper)[pri:0, instance:bdd.runners.RunnerClass@52af6cff]" name="feature" duration-ms="11365" started-at="2020-08-23T13:24:55Z" description="Runs Cucumber Feature" data-provider="features" finished-at="2020-08-23T13:25:06Z">
          <params>
            <param index="0">
              <value>
                <![CDATA[Users ability to search side effect of drug]]>
              </value>
            </param>
          </params>
          <reporter-output>
          </reporter-output>
        </test-method> <!-- feature -->
        <test-method status="PASS" signature="feature(cucumber.api.testng.CucumberFeatureWrapper)[pri:0, instance:bdd.runners.RunnerClass@52af6cff]" name="feature" duration-ms="13798" started-at="2020-08-23T13:25:06Z" description="Runs Cucumber Feature" data-provider="features" finished-at="2020-08-23T13:25:20Z">
          <params>
            <param index="0">
              <value>
                <![CDATA[User can check drug interactions]]>
              </value>
            </param>
          </params>
          <reporter-output>
          </reporter-output>
        </test-method> <!-- feature -->
        <test-method status="PASS" signature="feature(cucumber.api.testng.CucumberFeatureWrapper)[pri:0, instance:bdd.runners.RunnerClass@52af6cff]" name="feature" duration-ms="14235" started-at="2020-08-23T13:25:20Z" description="Runs Cucumber Feature" data-provider="features" finished-at="2020-08-23T13:25:34Z">
          <params>
            <param index="0">
              <value>
                <![CDATA[User ability to browse site section and select Medical news]]>
              </value>
            </param>
          </params>
          <reporter-output>
          </reporter-output>
        </test-method> <!-- feature -->
        <test-method status="PASS" signature="feature(cucumber.api.testng.CucumberFeatureWrapper)[pri:0, instance:bdd.runners.RunnerClass@52af6cff]" name="feature" duration-ms="17398" started-at="2020-08-23T13:25:34Z" description="Runs Cucumber Feature" data-provider="features" finished-at="2020-08-23T13:25:52Z">
          <params>
            <param index="0">
              <value>
                <![CDATA[User ability to find Medication List for Hair Loss]]>
              </value>
            </param>
          </params>
          <reporter-output>
          </reporter-output>
        </test-method> <!-- feature -->
        <test-method status="PASS" signature="feature(cucumber.api.testng.CucumberFeatureWrapper)[pri:0, instance:bdd.runners.RunnerClass@52af6cff]" name="feature" duration-ms="17793" started-at="2020-08-23T13:25:52Z" description="Runs Cucumber Feature" data-provider="features" finished-at="2020-08-23T13:26:09Z">
          <params>
            <param index="0">
              <value>
                <![CDATA[Find latest FDA approved drug from archive]]>
              </value>
            </param>
          </params>
          <reporter-output>
          </reporter-output>
        </test-method> <!-- feature -->
        <test-method status="PASS" signature="feature(cucumber.api.testng.CucumberFeatureWrapper)[pri:0, instance:bdd.runners.RunnerClass@52af6cff]" name="feature" duration-ms="15935" started-at="2020-08-23T13:26:09Z" description="Runs Cucumber Feature" data-provider="features" finished-at="2020-08-23T13:26:25Z">
          <params>
            <param index="0">
              <value>
                <![CDATA[Identify medication using Pill Identifier]]>
              </value>
            </param>
          </params>
          <reporter-output>
          </reporter-output>
        </test-method> <!-- feature -->
        <test-method status="PASS" signature="feature(cucumber.api.testng.CucumberFeatureWrapper)[pri:0, instance:bdd.runners.RunnerClass@52af6cff]" name="feature" duration-ms="10683" started-at="2020-08-23T13:26:25Z" description="Runs Cucumber Feature" data-provider="features" finished-at="2020-08-23T13:26:36Z">
          <params>
            <param index="0">
              <value>
                <![CDATA[Sign in with invalid information]]>
              </value>
            </param>
          </params>
          <reporter-output>
          </reporter-output>
        </test-method> <!-- feature -->
        <test-method status="PASS" signature="writeExtentReport()[pri:0, instance:bdd.runners.RunnerClass@52af6cff]" name="writeExtentReport" is-config="true" duration-ms="12" started-at="2020-08-23T13:26:36Z" finished-at="2020-08-23T13:26:36Z">
          <reporter-output>
          </reporter-output>
        </test-method> <!-- writeExtentReport -->
        <test-method status="PASS" signature="tearDownClass()[pri:0, instance:bdd.runners.RunnerClass@52af6cff]" name="tearDownClass" is-config="true" duration-ms="329" started-at="2020-08-23T13:26:36Z" finished-at="2020-08-23T13:26:36Z">
          <reporter-output>
          </reporter-output>
        </test-method> <!-- tearDownClass -->
      </class> <!-- bdd.runners.RunnerClass -->
    </test> <!-- Test -->
  </suite> <!-- Suite -->
</testng-results>
