<?xml version="1.0" encoding="UTF-8"?>
<testng-results skipped="0" failed="0" total="3" passed="3">
  <reporter-output>
  </reporter-output>
  <suite name="Suite" duration-ms="76844" started-at="2020-08-07T01:00:59Z" finished-at="2020-08-07T01:02:15Z">
    <groups>
      <group name="cucumber">
        <method signature="AbstractTestNGCucumberTests.feature(cucumber.api.testng.CucumberFeatureWrapper)[pri:0, instance:bdd.runners.RunnerClass@13a57a3b]" name="feature" class="cucumber.api.testng.AbstractTestNGCucumberTests"/>
      </group> <!-- cucumber -->
    </groups>
    <test name="Test" duration-ms="76844" started-at="2020-08-07T01:00:59Z" finished-at="2020-08-07T01:02:15Z">
      <class name="bdd.runners.RunnerClass">
        <test-method status="PASS" signature="setUpClass()[pri:0, instance:bdd.runners.RunnerClass@13a57a3b]" name="setUpClass" is-config="true" duration-ms="313" started-at="2020-08-06T21:00:59Z" finished-at="2020-08-06T21:00:59Z">
          <reporter-output>
          </reporter-output>
        </test-method> <!-- setUpClass -->
        <test-method status="PASS" signature="feature(cucumber.api.testng.CucumberFeatureWrapper)[pri:0, instance:bdd.runners.RunnerClass@13a57a3b]" name="feature" duration-ms="23885" started-at="2020-08-06T21:00:59Z" description="Runs Cucumber Feature" data-provider="features" finished-at="2020-08-06T21:01:23Z">
          <params>
            <param index="0">
              <value>
                <![CDATA[Users ability to find price of a Medication]]>
              </value>
            </param>
          </params>
          <reporter-output>
          </reporter-output>
        </test-method> <!-- feature -->
        <test-method status="PASS" signature="feature(cucumber.api.testng.CucumberFeatureWrapper)[pri:0, instance:bdd.runners.RunnerClass@13a57a3b]" name="feature" duration-ms="24304" started-at="2020-08-06T21:01:23Z" description="Runs Cucumber Feature" data-provider="features" finished-at="2020-08-06T21:01:47Z">
          <params>
            <param index="0">
              <value>
                <![CDATA[Users ability to search side effect of drug]]>
              </value>
            </param>
          </params>
          <reporter-output>
          </reporter-output>
        </test-method> <!-- feature -->
        <test-method status="PASS" signature="feature(cucumber.api.testng.CucumberFeatureWrapper)[pri:0, instance:bdd.runners.RunnerClass@13a57a3b]" name="feature" duration-ms="27305" started-at="2020-08-06T21:01:47Z" description="Runs Cucumber Feature" data-provider="features" finished-at="2020-08-06T21:02:14Z">
          <params>
            <param index="0">
              <value>
                <![CDATA[User ability to find Medication List for Hair Loss]]>
              </value>
            </param>
          </params>
          <reporter-output>
          </reporter-output>
        </test-method> <!-- feature -->
        <test-method status="PASS" signature="writeExtentReport()[pri:0, instance:bdd.runners.RunnerClass@13a57a3b]" name="writeExtentReport" is-config="true" duration-ms="173" started-at="2020-08-06T21:02:14Z" finished-at="2020-08-06T21:02:15Z">
          <reporter-output>
          </reporter-output>
        </test-method> <!-- writeExtentReport -->
        <test-method status="PASS" signature="tearDownClass()[pri:0, instance:bdd.runners.RunnerClass@13a57a3b]" name="tearDownClass" is-config="true" duration-ms="768" started-at="2020-08-06T21:02:15Z" finished-at="2020-08-06T21:02:15Z">
          <reporter-output>
          </reporter-output>
        </test-method> <!-- tearDownClass -->
      </class> <!-- bdd.runners.RunnerClass -->
    </test> <!-- Test -->
  </suite> <!-- Suite -->
</testng-results>
