<?xml version="1.0" encoding="UTF-8"?>
<testng-results skipped="0" failed="0" total="7" passed="7">
  <reporter-output>
  </reporter-output>
  <suite name="Suite" duration-ms="136473" started-at="2020-08-09T00:10:43Z" finished-at="2020-08-09T00:13:00Z">
    <groups>
      <group name="cucumber">
        <method signature="AbstractTestNGCucumberTests.feature(cucumber.api.testng.CucumberFeatureWrapper)[pri:0, instance:bdd.runners.RunnerClass@13a57a3b]" name="feature" class="cucumber.api.testng.AbstractTestNGCucumberTests"/>
      </group> <!-- cucumber -->
    </groups>
    <test name="Test" duration-ms="136473" started-at="2020-08-09T00:10:43Z" finished-at="2020-08-09T00:13:00Z">
      <class name="bdd.runners.RunnerClass">
        <test-method status="PASS" signature="setUpClass()[pri:0, instance:bdd.runners.RunnerClass@13a57a3b]" name="setUpClass" is-config="true" duration-ms="335" started-at="2020-08-08T20:10:43Z" finished-at="2020-08-08T20:10:43Z">
          <reporter-output>
          </reporter-output>
        </test-method> <!-- setUpClass -->
        <test-method status="PASS" signature="feature(cucumber.api.testng.CucumberFeatureWrapper)[pri:0, instance:bdd.runners.RunnerClass@13a57a3b]" name="feature" duration-ms="19255" started-at="2020-08-08T20:10:44Z" description="Runs Cucumber Feature" data-provider="features" finished-at="2020-08-08T20:11:03Z">
          <params>
            <param index="0">
              <value>
                <![CDATA[Users ability to find price of a Medication]]>
              </value>
            </param>
          </params>
          <reporter-output>
          </reporter-output>
        </test-method> <!-- feature -->
        <test-method status="PASS" signature="feature(cucumber.api.testng.CucumberFeatureWrapper)[pri:0, instance:bdd.runners.RunnerClass@13a57a3b]" name="feature" duration-ms="9152" started-at="2020-08-08T20:11:03Z" description="Runs Cucumber Feature" data-provider="features" finished-at="2020-08-08T20:11:12Z">
          <params>
            <param index="0">
              <value>
                <![CDATA[Drugs Registration As a user]]>
              </value>
            </param>
          </params>
          <reporter-output>
          </reporter-output>
        </test-method> <!-- feature -->
        <test-method status="PASS" signature="feature(cucumber.api.testng.CucumberFeatureWrapper)[pri:0, instance:bdd.runners.RunnerClass@13a57a3b]" name="feature" duration-ms="28271" started-at="2020-08-08T20:11:12Z" description="Runs Cucumber Feature" data-provider="features" finished-at="2020-08-08T20:11:40Z">
          <params>
            <param index="0">
              <value>
                <![CDATA[Users ability to search side effect of drug]]>
              </value>
            </param>
          </params>
          <reporter-output>
          </reporter-output>
        </test-method> <!-- feature -->
        <test-method status="PASS" signature="feature(cucumber.api.testng.CucumberFeatureWrapper)[pri:0, instance:bdd.runners.RunnerClass@13a57a3b]" name="feature" duration-ms="16210" started-at="2020-08-08T20:11:40Z" description="Runs Cucumber Feature" data-provider="features" finished-at="2020-08-08T20:11:56Z">
          <params>
            <param index="0">
              <value>
                <![CDATA[User can check drug interactions]]>
              </value>
            </param>
          </params>
          <reporter-output>
          </reporter-output>
        </test-method> <!-- feature -->
        <test-method status="PASS" signature="feature(cucumber.api.testng.CucumberFeatureWrapper)[pri:0, instance:bdd.runners.RunnerClass@13a57a3b]" name="feature" duration-ms="26552" started-at="2020-08-08T20:11:56Z" description="Runs Cucumber Feature" data-provider="features" finished-at="2020-08-08T20:12:23Z">
          <params>
            <param index="0">
              <value>
                <![CDATA[User ability to find Medication List for Hair Loss]]>
              </value>
            </param>
          </params>
          <reporter-output>
          </reporter-output>
        </test-method> <!-- feature -->
        <test-method status="PASS" signature="feature(cucumber.api.testng.CucumberFeatureWrapper)[pri:0, instance:bdd.runners.RunnerClass@13a57a3b]" name="feature" duration-ms="16334" started-at="2020-08-08T20:12:23Z" description="Runs Cucumber Feature" data-provider="features" finished-at="2020-08-08T20:12:39Z">
          <params>
            <param index="0">
              <value>
                <![CDATA[Find latest FDA approved drug from archive]]>
              </value>
            </param>
          </params>
          <reporter-output>
          </reporter-output>
        </test-method> <!-- feature -->
        <test-method status="PASS" signature="feature(cucumber.api.testng.CucumberFeatureWrapper)[pri:0, instance:bdd.runners.RunnerClass@13a57a3b]" name="feature" duration-ms="19483" started-at="2020-08-08T20:12:39Z" description="Runs Cucumber Feature" data-provider="features" finished-at="2020-08-08T20:12:59Z">
          <params>
            <param index="0">
              <value>
                <![CDATA[Identify medication using Pill Identifier]]>
              </value>
            </param>
          </params>
          <reporter-output>
          </reporter-output>
        </test-method> <!-- feature -->
        <test-method status="PASS" signature="writeExtentReport()[pri:0, instance:bdd.runners.RunnerClass@13a57a3b]" name="writeExtentReport" is-config="true" duration-ms="108" started-at="2020-08-08T20:12:59Z" finished-at="2020-08-08T20:12:59Z">
          <reporter-output>
          </reporter-output>
        </test-method> <!-- writeExtentReport -->
        <test-method status="PASS" signature="tearDownClass()[pri:0, instance:bdd.runners.RunnerClass@13a57a3b]" name="tearDownClass" is-config="true" duration-ms="612" started-at="2020-08-08T20:12:59Z" finished-at="2020-08-08T20:12:59Z">
          <reporter-output>
          </reporter-output>
        </test-method> <!-- tearDownClass -->
      </class> <!-- bdd.runners.RunnerClass -->
    </test> <!-- Test -->
  </suite> <!-- Suite -->
</testng-results>
